The system is: Linux - 4.15.0-64-generic - x86_64
Compiling the C compiler identification source file "CMakeCCompilerId.c" succeeded.
Compiler: /usr/bin/cc 
Build flags: 
Id flags: 

The output was:
0


Compilation of the C compiler identification source "CMakeCCompilerId.c" produced "a.out"

The C compiler identification is GNU, found in "/home/jerry/Documents/jerry/benchvnc/build/CMakeFiles/3.5.1/CompilerIdC/a.out"

Determining if the C compiler works passed with the following output:
Change Dir: /home/jerry/Documents/jerry/benchvnc/build/CMakeFiles/CMakeTmp

Run Build Command:"/usr/bin/make" "cmTC_5365a/fast"
/usr/bin/make -f CMakeFiles/cmTC_5365a.dir/build.make CMakeFiles/cmTC_5365a.dir/build
make[1]: Entering directory '/home/jerry/Documents/jerry/benchvnc/build/CMakeFiles/CMakeTmp'
Building C object CMakeFiles/cmTC_5365a.dir/testCCompiler.c.o
/usr/bin/cc     -o CMakeFiles/cmTC_5365a.dir/testCCompiler.c.o   -c /home/jerry/Documents/jerry/benchvnc/build/CMakeFiles/CMakeTmp/testCCompiler.c
Linking C executable cmTC_5365a
/usr/bin/cmake -E cmake_link_script CMakeFiles/cmTC_5365a.dir/link.txt --verbose=1
/usr/bin/cc       CMakeFiles/cmTC_5365a.dir/testCCompiler.c.o  -o cmTC_5365a -rdynamic 
make[1]: Leaving directory '/home/jerry/Documents/jerry/benchvnc/build/CMakeFiles/CMakeTmp'


Detecting C compiler ABI info compiled with the following output:
Change Dir: /home/jerry/Documents/jerry/benchvnc/build/CMakeFiles/CMakeTmp

Run Build Command:"/usr/bin/make" "cmTC_424d2/fast"
/usr/bin/make -f CMakeFiles/cmTC_424d2.dir/build.make CMakeFiles/cmTC_424d2.dir/build
make[1]: Entering directory '/home/jerry/Documents/jerry/benchvnc/build/CMakeFiles/CMakeTmp'
Building C object CMakeFiles/cmTC_424d2.dir/CMakeCCompilerABI.c.o
/usr/bin/cc     -o CMakeFiles/cmTC_424d2.dir/CMakeCCompilerABI.c.o   -c /usr/share/cmake-3.5/Modules/CMakeCCompilerABI.c
Linking C executable cmTC_424d2
/usr/bin/cmake -E cmake_link_script CMakeFiles/cmTC_424d2.dir/link.txt --verbose=1
/usr/bin/cc      -v CMakeFiles/cmTC_424d2.dir/CMakeCCompilerABI.c.o  -o cmTC_424d2 -rdynamic  
Using built-in specs.
COLLECT_GCC=/usr/bin/cc
COLLECT_LTO_WRAPPER=/usr/lib/gcc/x86_64-linux-gnu/5/lto-wrapper
Target: x86_64-linux-gnu
Configured with: ../src/configure -v --with-pkgversion='Ubuntu 5.4.0-6ubuntu1~16.04.12' --with-bugurl=file:///usr/share/doc/gcc-5/README.Bugs --enable-languages=c,ada,c++,java,go,d,fortran,objc,obj-c++ --prefix=/usr --program-suffix=-5 --enable-shared --enable-linker-build-id --libexecdir=/usr/lib --without-included-gettext --enable-threads=posix --libdir=/usr/lib --enable-nls --with-sysroot=/ --enable-clocale=gnu --enable-libstdcxx-debug --enable-libstdcxx-time=yes --with-default-libstdcxx-abi=new --enable-gnu-unique-object --disable-vtable-verify --enable-libmpx --enable-plugin --with-system-zlib --disable-browser-plugin --enable-java-awt=gtk --enable-gtk-cairo --with-java-home=/usr/lib/jvm/java-1.5.0-gcj-5-amd64/jre --enable-java-home --with-jvm-root-dir=/usr/lib/jvm/java-1.5.0-gcj-5-amd64 --with-jvm-jar-dir=/usr/lib/jvm-exports/java-1.5.0-gcj-5-amd64 --with-arch-directory=amd64 --with-ecj-jar=/usr/share/java/eclipse-ecj.jar --enable-objc-gc --enable-multiarch --disable-werror --with-arch-32=i686 --with-abi=m64 --with-multilib-list=m32,m64,mx32 --enable-multilib --with-tune=generic --enable-checking=release --build=x86_64-linux-gnu --host=x86_64-linux-gnu --target=x86_64-linux-gnu
Thread model: posix
gcc version 5.4.0 20160609 (Ubuntu 5.4.0-6ubuntu1~16.04.12) 
COMPILER_PATH=/usr/lib/gcc/x86_64-linux-gnu/5/:/usr/lib/gcc/x86_64-linux-gnu/5/:/usr/lib/gcc/x86_64-linux-gnu/:/usr/lib/gcc/x86_64-linux-gnu/5/:/usr/lib/gcc/x86_64-linux-gnu/
LIBRARY_PATH=/usr/lib/gcc/x86_64-linux-gnu/5/:/usr/lib/gcc/x86_64-linux-gnu/5/../../../x86_64-linux-gnu/:/usr/lib/gcc/x86_64-linux-gnu/5/../../../../lib/:/lib/x86_64-linux-gnu/:/lib/../lib/:/usr/lib/x86_64-linux-gnu/:/usr/lib/../lib/:/usr/lib/gcc/x86_64-linux-gnu/5/../../../:/lib/:/usr/lib/
COLLECT_GCC_OPTIONS='-v' '-o' 'cmTC_424d2' '-rdynamic' '-mtune=generic' '-march=x86-64'
 /usr/lib/gcc/x86_64-linux-gnu/5/collect2 -plugin /usr/lib/gcc/x86_64-linux-gnu/5/liblto_plugin.so -plugin-opt=/usr/lib/gcc/x86_64-linux-gnu/5/lto-wrapper -plugin-opt=-fresolution=/tmp/cc9uReJc.res -plugin-opt=-pass-through=-lgcc -plugin-opt=-pass-through=-lgcc_s -plugin-opt=-pass-through=-lc -plugin-opt=-pass-through=-lgcc -plugin-opt=-pass-through=-lgcc_s --sysroot=/ --build-id --eh-frame-hdr -m elf_x86_64 --hash-style=gnu --as-needed -export-dynamic -dynamic-linker /lib64/ld-linux-x86-64.so.2 -z relro -o cmTC_424d2 /usr/lib/gcc/x86_64-linux-gnu/5/../../../x86_64-linux-gnu/crt1.o /usr/lib/gcc/x86_64-linux-gnu/5/../../../x86_64-linux-gnu/crti.o /usr/lib/gcc/x86_64-linux-gnu/5/crtbegin.o -L/usr/lib/gcc/x86_64-linux-gnu/5 -L/usr/lib/gcc/x86_64-linux-gnu/5/../../../x86_64-linux-gnu -L/usr/lib/gcc/x86_64-linux-gnu/5/../../../../lib -L/lib/x86_64-linux-gnu -L/lib/../lib -L/usr/lib/x86_64-linux-gnu -L/usr/lib/../lib -L/usr/lib/gcc/x86_64-linux-gnu/5/../../.. CMakeFiles/cmTC_424d2.dir/CMakeCCompilerABI.c.o -lgcc --as-needed -lgcc_s --no-as-needed -lc -lgcc --as-needed -lgcc_s --no-as-needed /usr/lib/gcc/x86_64-linux-gnu/5/crtend.o /usr/lib/gcc/x86_64-linux-gnu/5/../../../x86_64-linux-gnu/crtn.o
make[1]: Leaving directory '/home/jerry/Documents/jerry/benchvnc/build/CMakeFiles/CMakeTmp'


Parsed C implicit link information from above output:
  link line regex: [^( *|.*[/\])(ld|([^/\]+-)?ld|collect2)[^/\]*( |$)]
  ignore line: [Change Dir: /home/jerry/Documents/jerry/benchvnc/build/CMakeFiles/CMakeTmp]
  ignore line: []
  ignore line: [Run Build Command:"/usr/bin/make" "cmTC_424d2/fast"]
  ignore line: [/usr/bin/make -f CMakeFiles/cmTC_424d2.dir/build.make CMakeFiles/cmTC_424d2.dir/build]
  ignore line: [make[1]: Entering directory '/home/jerry/Documents/jerry/benchvnc/build/CMakeFiles/CMakeTmp']
  ignore line: [Building C object CMakeFiles/cmTC_424d2.dir/CMakeCCompilerABI.c.o]
  ignore line: [/usr/bin/cc     -o CMakeFiles/cmTC_424d2.dir/CMakeCCompilerABI.c.o   -c /usr/share/cmake-3.5/Modules/CMakeCCompilerABI.c]
  ignore line: [Linking C executable cmTC_424d2]
  ignore line: [/usr/bin/cmake -E cmake_link_script CMakeFiles/cmTC_424d2.dir/link.txt --verbose=1]
  ignore line: [/usr/bin/cc      -v CMakeFiles/cmTC_424d2.dir/CMakeCCompilerABI.c.o  -o cmTC_424d2 -rdynamic  ]
  ignore line: [Using built-in specs.]
  ignore line: [COLLECT_GCC=/usr/bin/cc]
  ignore line: [COLLECT_LTO_WRAPPER=/usr/lib/gcc/x86_64-linux-gnu/5/lto-wrapper]
  ignore line: [Target: x86_64-linux-gnu]
  ignore line: [Configured with: ../src/configure -v --with-pkgversion='Ubuntu 5.4.0-6ubuntu1~16.04.12' --with-bugurl=file:///usr/share/doc/gcc-5/README.Bugs --enable-languages=c,ada,c++,java,go,d,fortran,objc,obj-c++ --prefix=/usr --program-suffix=-5 --enable-shared --enable-linker-build-id --libexecdir=/usr/lib --without-included-gettext --enable-threads=posix --libdir=/usr/lib --enable-nls --with-sysroot=/ --enable-clocale=gnu --enable-libstdcxx-debug --enable-libstdcxx-time=yes --with-default-libstdcxx-abi=new --enable-gnu-unique-object --disable-vtable-verify --enable-libmpx --enable-plugin --with-system-zlib --disable-browser-plugin --enable-java-awt=gtk --enable-gtk-cairo --with-java-home=/usr/lib/jvm/java-1.5.0-gcj-5-amd64/jre --enable-java-home --with-jvm-root-dir=/usr/lib/jvm/java-1.5.0-gcj-5-amd64 --with-jvm-jar-dir=/usr/lib/jvm-exports/java-1.5.0-gcj-5-amd64 --with-arch-directory=amd64 --with-ecj-jar=/usr/share/java/eclipse-ecj.jar --enable-objc-gc --enable-multiarch --disable-werror --with-arch-32=i686 --with-abi=m64 --with-multilib-list=m32,m64,mx32 --enable-multilib --with-tune=generic --enable-checking=release --build=x86_64-linux-gnu --host=x86_64-linux-gnu --target=x86_64-linux-gnu]
  ignore line: [Thread model: posix]
  ignore line: [gcc version 5.4.0 20160609 (Ubuntu 5.4.0-6ubuntu1~16.04.12) ]
  ignore line: [COMPILER_PATH=/usr/lib/gcc/x86_64-linux-gnu/5/:/usr/lib/gcc/x86_64-linux-gnu/5/:/usr/lib/gcc/x86_64-linux-gnu/:/usr/lib/gcc/x86_64-linux-gnu/5/:/usr/lib/gcc/x86_64-linux-gnu/]
  ignore line: [LIBRARY_PATH=/usr/lib/gcc/x86_64-linux-gnu/5/:/usr/lib/gcc/x86_64-linux-gnu/5/../../../x86_64-linux-gnu/:/usr/lib/gcc/x86_64-linux-gnu/5/../../../../lib/:/lib/x86_64-linux-gnu/:/lib/../lib/:/usr/lib/x86_64-linux-gnu/:/usr/lib/../lib/:/usr/lib/gcc/x86_64-linux-gnu/5/../../../:/lib/:/usr/lib/]
  ignore line: [COLLECT_GCC_OPTIONS='-v' '-o' 'cmTC_424d2' '-rdynamic' '-mtune=generic' '-march=x86-64']
  link line: [ /usr/lib/gcc/x86_64-linux-gnu/5/collect2 -plugin /usr/lib/gcc/x86_64-linux-gnu/5/liblto_plugin.so -plugin-opt=/usr/lib/gcc/x86_64-linux-gnu/5/lto-wrapper -plugin-opt=-fresolution=/tmp/cc9uReJc.res -plugin-opt=-pass-through=-lgcc -plugin-opt=-pass-through=-lgcc_s -plugin-opt=-pass-through=-lc -plugin-opt=-pass-through=-lgcc -plugin-opt=-pass-through=-lgcc_s --sysroot=/ --build-id --eh-frame-hdr -m elf_x86_64 --hash-style=gnu --as-needed -export-dynamic -dynamic-linker /lib64/ld-linux-x86-64.so.2 -z relro -o cmTC_424d2 /usr/lib/gcc/x86_64-linux-gnu/5/../../../x86_64-linux-gnu/crt1.o /usr/lib/gcc/x86_64-linux-gnu/5/../../../x86_64-linux-gnu/crti.o /usr/lib/gcc/x86_64-linux-gnu/5/crtbegin.o -L/usr/lib/gcc/x86_64-linux-gnu/5 -L/usr/lib/gcc/x86_64-linux-gnu/5/../../../x86_64-linux-gnu -L/usr/lib/gcc/x86_64-linux-gnu/5/../../../../lib -L/lib/x86_64-linux-gnu -L/lib/../lib -L/usr/lib/x86_64-linux-gnu -L/usr/lib/../lib -L/usr/lib/gcc/x86_64-linux-gnu/5/../../.. CMakeFiles/cmTC_424d2.dir/CMakeCCompilerABI.c.o -lgcc --as-needed -lgcc_s --no-as-needed -lc -lgcc --as-needed -lgcc_s --no-as-needed /usr/lib/gcc/x86_64-linux-gnu/5/crtend.o /usr/lib/gcc/x86_64-linux-gnu/5/../../../x86_64-linux-gnu/crtn.o]
    arg [/usr/lib/gcc/x86_64-linux-gnu/5/collect2] ==> ignore
    arg [-plugin] ==> ignore
    arg [/usr/lib/gcc/x86_64-linux-gnu/5/liblto_plugin.so] ==> ignore
    arg [-plugin-opt=/usr/lib/gcc/x86_64-linux-gnu/5/lto-wrapper] ==> ignore
    arg [-plugin-opt=-fresolution=/tmp/cc9uReJc.res] ==> ignore
    arg [-plugin-opt=-pass-through=-lgcc] ==> ignore
    arg [-plugin-opt=-pass-through=-lgcc_s] ==> ignore
    arg [-plugin-opt=-pass-through=-lc] ==> ignore
    arg [-plugin-opt=-pass-through=-lgcc] ==> ignore
    arg [-plugin-opt=-pass-through=-lgcc_s] ==> ignore
    arg [--sysroot=/] ==> ignore
    arg [--build-id] ==> ignore
    arg [--eh-frame-hdr] ==> ignore
    arg [-m] ==> ignore
    arg [elf_x86_64] ==> ignore
    arg [--hash-style=gnu] ==> ignore
    arg [--as-needed] ==> ignore
    arg [-export-dynamic] ==> ignore
    arg [-dynamic-linker] ==> ignore
    arg [/lib64/ld-linux-x86-64.so.2] ==> ignore
    arg [-zrelro] ==> ignore
    arg [-o] ==> ignore
    arg [cmTC_424d2] ==> ignore
    arg [/usr/lib/gcc/x86_64-linux-gnu/5/../../../x86_64-linux-gnu/crt1.o] ==> ignore
    arg [/usr/lib/gcc/x86_64-linux-gnu/5/../../../x86_64-linux-gnu/crti.o] ==> ignore
    arg [/usr/lib/gcc/x86_64-linux-gnu/5/crtbegin.o] ==> ignore
    arg [-L/usr/lib/gcc/x86_64-linux-gnu/5] ==> dir [/usr/lib/gcc/x86_64-linux-gnu/5]
    arg [-L/usr/lib/gcc/x86_64-linux-gnu/5/../../../x86_64-linux-gnu] ==> dir [/usr/lib/gcc/x86_64-linux-gnu/5/../../../x86_64-linux-gnu]
    arg [-L/usr/lib/gcc/x86_64-linux-gnu/5/../../../../lib] ==> dir [/usr/lib/gcc/x86_64-linux-gnu/5/../../../../lib]
    arg [-L/lib/x86_64-linux-gnu] ==> dir [/lib/x86_64-linux-gnu]
    arg [-L/lib/../lib] ==> dir [/lib/../lib]
    arg [-L/usr/lib/x86_64-linux-gnu] ==> dir [/usr/lib/x86_64-linux-gnu]
    arg [-L/usr/lib/../lib] ==> dir [/usr/lib/../lib]
    arg [-L/usr/lib/gcc/x86_64-linux-gnu/5/../../..] ==> dir [/usr/lib/gcc/x86_64-linux-gnu/5/../../..]
    arg [CMakeFiles/cmTC_424d2.dir/CMakeCCompilerABI.c.o] ==> ignore
    arg [-lgcc] ==> lib [gcc]
    arg [--as-needed] ==> ignore
    arg [-lgcc_s] ==> lib [gcc_s]
    arg [--no-as-needed] ==> ignore
    arg [-lc] ==> lib [c]
    arg [-lgcc] ==> lib [gcc]
    arg [--as-needed] ==> ignore
    arg [-lgcc_s] ==> lib [gcc_s]
    arg [--no-as-needed] ==> ignore
    arg [/usr/lib/gcc/x86_64-linux-gnu/5/crtend.o] ==> ignore
    arg [/usr/lib/gcc/x86_64-linux-gnu/5/../../../x86_64-linux-gnu/crtn.o] ==> ignore
  remove lib [gcc]
  remove lib [gcc_s]
  remove lib [gcc]
  remove lib [gcc_s]
  collapse library dir [/usr/lib/gcc/x86_64-linux-gnu/5] ==> [/usr/lib/gcc/x86_64-linux-gnu/5]
  collapse library dir [/usr/lib/gcc/x86_64-linux-gnu/5/../../../x86_64-linux-gnu] ==> [/usr/lib/x86_64-linux-gnu]
  collapse library dir [/usr/lib/gcc/x86_64-linux-gnu/5/../../../../lib] ==> [/usr/lib]
  collapse library dir [/lib/x86_64-linux-gnu] ==> [/lib/x86_64-linux-gnu]
  collapse library dir [/lib/../lib] ==> [/lib]
  collapse library dir [/usr/lib/x86_64-linux-gnu] ==> [/usr/lib/x86_64-linux-gnu]
  collapse library dir [/usr/lib/../lib] ==> [/usr/lib]
  collapse library dir [/usr/lib/gcc/x86_64-linux-gnu/5/../../..] ==> [/usr/lib]
  implicit libs: [c]
  implicit dirs: [/usr/lib/gcc/x86_64-linux-gnu/5;/usr/lib/x86_64-linux-gnu;/usr/lib;/lib/x86_64-linux-gnu;/lib]
  implicit fwks: []




Detecting C [-std=c11] compiler features compiled with the following output:
Change Dir: /home/jerry/Documents/jerry/benchvnc/build/CMakeFiles/CMakeTmp

Run Build Command:"/usr/bin/make" "cmTC_c1334/fast"
/usr/bin/make -f CMakeFiles/cmTC_c1334.dir/build.make CMakeFiles/cmTC_c1334.dir/build
make[1]: Entering directory '/home/jerry/Documents/jerry/benchvnc/build/CMakeFiles/CMakeTmp'
Building C object CMakeFiles/cmTC_c1334.dir/feature_tests.c.o
/usr/bin/cc    -std=c11 -o CMakeFiles/cmTC_c1334.dir/feature_tests.c.o   -c /home/jerry/Documents/jerry/benchvnc/build/CMakeFiles/feature_tests.c
Linking C executable cmTC_c1334
/usr/bin/cmake -E cmake_link_script CMakeFiles/cmTC_c1334.dir/link.txt --verbose=1
/usr/bin/cc       CMakeFiles/cmTC_c1334.dir/feature_tests.c.o  -o cmTC_c1334 -rdynamic 
make[1]: Leaving directory '/home/jerry/Documents/jerry/benchvnc/build/CMakeFiles/CMakeTmp'


    Feature record: C_FEATURE:1c_function_prototypes
    Feature record: C_FEATURE:1c_restrict
    Feature record: C_FEATURE:1c_static_assert
    Feature record: C_FEATURE:1c_variadic_macros


Detecting C [-std=c99] compiler features compiled with the following output:
Change Dir: /home/jerry/Documents/jerry/benchvnc/build/CMakeFiles/CMakeTmp

Run Build Command:"/usr/bin/make" "cmTC_ab208/fast"
/usr/bin/make -f CMakeFiles/cmTC_ab208.dir/build.make CMakeFiles/cmTC_ab208.dir/build
make[1]: Entering directory '/home/jerry/Documents/jerry/benchvnc/build/CMakeFiles/CMakeTmp'
Building C object CMakeFiles/cmTC_ab208.dir/feature_tests.c.o
/usr/bin/cc    -std=c99 -o CMakeFiles/cmTC_ab208.dir/feature_tests.c.o   -c /home/jerry/Documents/jerry/benchvnc/build/CMakeFiles/feature_tests.c
Linking C executable cmTC_ab208
/usr/bin/cmake -E cmake_link_script CMakeFiles/cmTC_ab208.dir/link.txt --verbose=1
/usr/bin/cc       CMakeFiles/cmTC_ab208.dir/feature_tests.c.o  -o cmTC_ab208 -rdynamic 
make[1]: Leaving directory '/home/jerry/Documents/jerry/benchvnc/build/CMakeFiles/CMakeTmp'


    Feature record: C_FEATURE:1c_function_prototypes
    Feature record: C_FEATURE:1c_restrict
    Feature record: C_FEATURE:0c_static_assert
    Feature record: C_FEATURE:1c_variadic_macros


Detecting C [-std=c90] compiler features compiled with the following output:
Change Dir: /home/jerry/Documents/jerry/benchvnc/build/CMakeFiles/CMakeTmp

Run Build Command:"/usr/bin/make" "cmTC_9e298/fast"
/usr/bin/make -f CMakeFiles/cmTC_9e298.dir/build.make CMakeFiles/cmTC_9e298.dir/build
make[1]: Entering directory '/home/jerry/Documents/jerry/benchvnc/build/CMakeFiles/CMakeTmp'
Building C object CMakeFiles/cmTC_9e298.dir/feature_tests.c.o
/usr/bin/cc    -std=c90 -o CMakeFiles/cmTC_9e298.dir/feature_tests.c.o   -c /home/jerry/Documents/jerry/benchvnc/build/CMakeFiles/feature_tests.c
Linking C executable cmTC_9e298
/usr/bin/cmake -E cmake_link_script CMakeFiles/cmTC_9e298.dir/link.txt --verbose=1
/usr/bin/cc       CMakeFiles/cmTC_9e298.dir/feature_tests.c.o  -o cmTC_9e298 -rdynamic 
make[1]: Leaving directory '/home/jerry/Documents/jerry/benchvnc/build/CMakeFiles/CMakeTmp'


    Feature record: C_FEATURE:1c_function_prototypes
    Feature record: C_FEATURE:0c_restrict
    Feature record: C_FEATURE:0c_static_assert
    Feature record: C_FEATURE:0c_variadic_macros
Performing C SOURCE FILE Test TURBOJPEG_WORKS succeeded with the following output:
Change Dir: /home/jerry/Documents/jerry/benchvnc/build/CMakeFiles/CMakeTmp

Run Build Command:"/usr/bin/make" "cmTC_d7a80/fast"
/usr/bin/make -f CMakeFiles/cmTC_d7a80.dir/build.make CMakeFiles/cmTC_d7a80.dir/build
make[1]: Entering directory '/home/jerry/Documents/jerry/benchvnc/build/CMakeFiles/CMakeTmp'
Building C object CMakeFiles/cmTC_d7a80.dir/src.c.o
/usr/bin/cc   -I/opt/libjpeg-turbo/include  -DTURBOJPEG_WORKS   -o CMakeFiles/cmTC_d7a80.dir/src.c.o   -c /home/jerry/Documents/jerry/benchvnc/build/CMakeFiles/CMakeTmp/src.c
Linking C executable cmTC_d7a80
/usr/bin/cmake -E cmake_link_script CMakeFiles/cmTC_d7a80.dir/link.txt --verbose=1
/usr/bin/cc   -DTURBOJPEG_WORKS    CMakeFiles/cmTC_d7a80.dir/src.c.o  -o cmTC_d7a80 -rdynamic /opt/libjpeg-turbo/lib64/libturbojpeg.a 
make[1]: Leaving directory '/home/jerry/Documents/jerry/benchvnc/build/CMakeFiles/CMakeTmp'

Source file was:
#include <turbojpeg.h>
int main(void) { tjhandle h = tjInitCompress();  return h != 0 ? 0 : 1; }
Determining if the function XOpenDisplay exists in the /usr/lib/x86_64-linux-gnu/libX11.so;/usr/lib/x86_64-linux-gnu/libXext.so passed with the following output:
Change Dir: /home/jerry/Documents/jerry/benchvnc/build/CMakeFiles/CMakeTmp

Run Build Command:"/usr/bin/make" "cmTC_5be05/fast"
/usr/bin/make -f CMakeFiles/cmTC_5be05.dir/build.make CMakeFiles/cmTC_5be05.dir/build
make[1]: Entering directory '/home/jerry/Documents/jerry/benchvnc/build/CMakeFiles/CMakeTmp'
Building C object CMakeFiles/cmTC_5be05.dir/CheckFunctionExists.c.o
/usr/bin/cc    -DCHECK_FUNCTION_EXISTS=XOpenDisplay   -o CMakeFiles/cmTC_5be05.dir/CheckFunctionExists.c.o   -c /usr/share/cmake-3.5/Modules/CheckFunctionExists.c
Linking C executable cmTC_5be05
/usr/bin/cmake -E cmake_link_script CMakeFiles/cmTC_5be05.dir/link.txt --verbose=1
/usr/bin/cc   -DCHECK_FUNCTION_EXISTS=XOpenDisplay    CMakeFiles/cmTC_5be05.dir/CheckFunctionExists.c.o  -o cmTC_5be05 -rdynamic /usr/lib/x86_64-linux-gnu/libX11.so /usr/lib/x86_64-linux-gnu/libXext.so 
make[1]: Leaving directory '/home/jerry/Documents/jerry/benchvnc/build/CMakeFiles/CMakeTmp'


Determining if the function gethostbyname exists passed with the following output:
Change Dir: /home/jerry/Documents/jerry/benchvnc/build/CMakeFiles/CMakeTmp

Run Build Command:"/usr/bin/make" "cmTC_f0c99/fast"
/usr/bin/make -f CMakeFiles/cmTC_f0c99.dir/build.make CMakeFiles/cmTC_f0c99.dir/build
make[1]: Entering directory '/home/jerry/Documents/jerry/benchvnc/build/CMakeFiles/CMakeTmp'
Building C object CMakeFiles/cmTC_f0c99.dir/CheckFunctionExists.c.o
/usr/bin/cc    -DCHECK_FUNCTION_EXISTS=gethostbyname   -o CMakeFiles/cmTC_f0c99.dir/CheckFunctionExists.c.o   -c /usr/share/cmake-3.5/Modules/CheckFunctionExists.c
Linking C executable cmTC_f0c99
/usr/bin/cmake -E cmake_link_script CMakeFiles/cmTC_f0c99.dir/link.txt --verbose=1
/usr/bin/cc   -DCHECK_FUNCTION_EXISTS=gethostbyname    CMakeFiles/cmTC_f0c99.dir/CheckFunctionExists.c.o  -o cmTC_f0c99 -rdynamic 
make[1]: Leaving directory '/home/jerry/Documents/jerry/benchvnc/build/CMakeFiles/CMakeTmp'


Determining if the function connect exists passed with the following output:
Change Dir: /home/jerry/Documents/jerry/benchvnc/build/CMakeFiles/CMakeTmp

Run Build Command:"/usr/bin/make" "cmTC_27e07/fast"
/usr/bin/make -f CMakeFiles/cmTC_27e07.dir/build.make CMakeFiles/cmTC_27e07.dir/build
make[1]: Entering directory '/home/jerry/Documents/jerry/benchvnc/build/CMakeFiles/CMakeTmp'
Building C object CMakeFiles/cmTC_27e07.dir/CheckFunctionExists.c.o
/usr/bin/cc    -DCHECK_FUNCTION_EXISTS=connect   -o CMakeFiles/cmTC_27e07.dir/CheckFunctionExists.c.o   -c /usr/share/cmake-3.5/Modules/CheckFunctionExists.c
Linking C executable cmTC_27e07
/usr/bin/cmake -E cmake_link_script CMakeFiles/cmTC_27e07.dir/link.txt --verbose=1
/usr/bin/cc   -DCHECK_FUNCTION_EXISTS=connect    CMakeFiles/cmTC_27e07.dir/CheckFunctionExists.c.o  -o cmTC_27e07 -rdynamic 
make[1]: Leaving directory '/home/jerry/Documents/jerry/benchvnc/build/CMakeFiles/CMakeTmp'


Determining if the function remove exists passed with the following output:
Change Dir: /home/jerry/Documents/jerry/benchvnc/build/CMakeFiles/CMakeTmp

Run Build Command:"/usr/bin/make" "cmTC_fd78b/fast"
/usr/bin/make -f CMakeFiles/cmTC_fd78b.dir/build.make CMakeFiles/cmTC_fd78b.dir/build
make[1]: Entering directory '/home/jerry/Documents/jerry/benchvnc/build/CMakeFiles/CMakeTmp'
Building C object CMakeFiles/cmTC_fd78b.dir/CheckFunctionExists.c.o
/usr/bin/cc    -DCHECK_FUNCTION_EXISTS=remove   -o CMakeFiles/cmTC_fd78b.dir/CheckFunctionExists.c.o   -c /usr/share/cmake-3.5/Modules/CheckFunctionExists.c
Linking C executable cmTC_fd78b
/usr/bin/cmake -E cmake_link_script CMakeFiles/cmTC_fd78b.dir/link.txt --verbose=1
/usr/bin/cc   -DCHECK_FUNCTION_EXISTS=remove    CMakeFiles/cmTC_fd78b.dir/CheckFunctionExists.c.o  -o cmTC_fd78b -rdynamic 
make[1]: Leaving directory '/home/jerry/Documents/jerry/benchvnc/build/CMakeFiles/CMakeTmp'


Determining if the function shmat exists passed with the following output:
Change Dir: /home/jerry/Documents/jerry/benchvnc/build/CMakeFiles/CMakeTmp

Run Build Command:"/usr/bin/make" "cmTC_cebb9/fast"
/usr/bin/make -f CMakeFiles/cmTC_cebb9.dir/build.make CMakeFiles/cmTC_cebb9.dir/build
make[1]: Entering directory '/home/jerry/Documents/jerry/benchvnc/build/CMakeFiles/CMakeTmp'
Building C object CMakeFiles/cmTC_cebb9.dir/CheckFunctionExists.c.o
/usr/bin/cc    -DCHECK_FUNCTION_EXISTS=shmat   -o CMakeFiles/cmTC_cebb9.dir/CheckFunctionExists.c.o   -c /usr/share/cmake-3.5/Modules/CheckFunctionExists.c
Linking C executable cmTC_cebb9
/usr/bin/cmake -E cmake_link_script CMakeFiles/cmTC_cebb9.dir/link.txt --verbose=1
/usr/bin/cc   -DCHECK_FUNCTION_EXISTS=shmat    CMakeFiles/cmTC_cebb9.dir/CheckFunctionExists.c.o  -o cmTC_cebb9 -rdynamic 
make[1]: Leaving directory '/home/jerry/Documents/jerry/benchvnc/build/CMakeFiles/CMakeTmp'


Determining if the function IceConnectionNumber exists in the ICE passed with the following output:
Change Dir: /home/jerry/Documents/jerry/benchvnc/build/CMakeFiles/CMakeTmp

Run Build Command:"/usr/bin/make" "cmTC_39040/fast"
/usr/bin/make -f CMakeFiles/cmTC_39040.dir/build.make CMakeFiles/cmTC_39040.dir/build
make[1]: Entering directory '/home/jerry/Documents/jerry/benchvnc/build/CMakeFiles/CMakeTmp'
Building C object CMakeFiles/cmTC_39040.dir/CheckFunctionExists.c.o
/usr/bin/cc    -DCHECK_FUNCTION_EXISTS=IceConnectionNumber   -o CMakeFiles/cmTC_39040.dir/CheckFunctionExists.c.o   -c /usr/share/cmake-3.5/Modules/CheckFunctionExists.c
Linking C executable cmTC_39040
/usr/bin/cmake -E cmake_link_script CMakeFiles/cmTC_39040.dir/link.txt --verbose=1
/usr/bin/cc   -DCHECK_FUNCTION_EXISTS=IceConnectionNumber    CMakeFiles/cmTC_39040.dir/CheckFunctionExists.c.o  -o cmTC_39040 -rdynamic -lICE 
make[1]: Leaving directory '/home/jerry/Documents/jerry/benchvnc/build/CMakeFiles/CMakeTmp'


Performing C SOURCE FILE Test TURBOJPEG_JNI_WORKS succeeded with the following output:
Change Dir: /home/jerry/Documents/jerry/benchvnc/build/CMakeFiles/CMakeTmp

Run Build Command:"/usr/bin/make" "cmTC_a403e/fast"
/usr/bin/make -f CMakeFiles/cmTC_a403e.dir/build.make CMakeFiles/cmTC_a403e.dir/build
make[1]: Entering directory '/home/jerry/Documents/jerry/benchvnc/build/CMakeFiles/CMakeTmp'
Building C object CMakeFiles/cmTC_a403e.dir/src.c.o
/usr/bin/cc    -DTURBOJPEG_JNI_WORKS   -o CMakeFiles/cmTC_a403e.dir/src.c.o   -c /home/jerry/Documents/jerry/benchvnc/build/CMakeFiles/CMakeTmp/src.c
Linking C executable cmTC_a403e
/usr/bin/cmake -E cmake_link_script CMakeFiles/cmTC_a403e.dir/link.txt --verbose=1
/usr/bin/cc   -DTURBOJPEG_JNI_WORKS    CMakeFiles/cmTC_a403e.dir/src.c.o  -o cmTC_a403e -rdynamic /opt/libjpeg-turbo/lib64/libturbojpeg.so -Wl,-rpath,/opt/libjpeg-turbo/lib64 
make[1]: Leaving directory '/home/jerry/Documents/jerry/benchvnc/build/CMakeFiles/CMakeTmp'

Source file was:


	struct JNINativeInterface_;

	typedef const struct JNINativeInterface_ *JNIEnv;

	typedef struct _jobject *jobject;

	typedef jobject jclass;

	int Java_org_libjpegturbo_turbojpeg_TJ_bufSize

		(JNIEnv *, jclass, int, int, int);

	int main(void) {

		Java_org_libjpegturbo_turbojpeg_TJ_bufSize(0, 0, 1, 1, 0);

		return 0;

	}
Performing C SOURCE FILE Test FOUND_GLIBC succeeded with the following output:
Change Dir: /home/jerry/Documents/jerry/benchvnc/build/CMakeFiles/CMakeTmp

Run Build Command:"/usr/bin/make" "cmTC_da835/fast"
/usr/bin/make -f CMakeFiles/cmTC_da835.dir/build.make CMakeFiles/cmTC_da835.dir/build
make[1]: Entering directory '/home/jerry/Documents/jerry/benchvnc/build/CMakeFiles/CMakeTmp'
Building C object CMakeFiles/cmTC_da835.dir/src.c.o
/usr/bin/cc    -DFOUND_GLIBC   -o CMakeFiles/cmTC_da835.dir/src.c.o   -c /home/jerry/Documents/jerry/benchvnc/build/CMakeFiles/CMakeTmp/src.c
Linking C executable cmTC_da835
/usr/bin/cmake -E cmake_link_script CMakeFiles/cmTC_da835.dir/link.txt --verbose=1
/usr/bin/cc   -DFOUND_GLIBC    CMakeFiles/cmTC_da835.dir/src.c.o  -o cmTC_da835 -rdynamic 
make[1]: Leaving directory '/home/jerry/Documents/jerry/benchvnc/build/CMakeFiles/CMakeTmp'

Source file was:


	#include <features.h>

	#ifndef __GLIBC__

	#error

	#endif

	int main(void) { return 0; }

Determining if the poll exist passed with the following output:
Change Dir: /home/jerry/Documents/jerry/benchvnc/build/CMakeFiles/CMakeTmp

Run Build Command:"/usr/bin/make" "cmTC_0b5c3/fast"
/usr/bin/make -f CMakeFiles/cmTC_0b5c3.dir/build.make CMakeFiles/cmTC_0b5c3.dir/build
make[1]: Entering directory '/home/jerry/Documents/jerry/benchvnc/build/CMakeFiles/CMakeTmp'
Building C object CMakeFiles/cmTC_0b5c3.dir/CheckSymbolExists.c.o
/usr/bin/cc     -o CMakeFiles/cmTC_0b5c3.dir/CheckSymbolExists.c.o   -c /home/jerry/Documents/jerry/benchvnc/build/CMakeFiles/CMakeTmp/CheckSymbolExists.c
Linking C executable cmTC_0b5c3
/usr/bin/cmake -E cmake_link_script CMakeFiles/cmTC_0b5c3.dir/link.txt --verbose=1
/usr/bin/cc       CMakeFiles/cmTC_0b5c3.dir/CheckSymbolExists.c.o  -o cmTC_0b5c3 -rdynamic 
make[1]: Leaving directory '/home/jerry/Documents/jerry/benchvnc/build/CMakeFiles/CMakeTmp'

File /home/jerry/Documents/jerry/benchvnc/build/CMakeFiles/CMakeTmp/CheckSymbolExists.c:
/* */
#include <poll.h>

int main(int argc, char** argv)
{
  (void)argv;
#ifndef poll
  return ((int*)(&poll))[argc];
#else
  (void)argc;
  return 0;
#endif
}

Determining if the strerror exist passed with the following output:
Change Dir: /home/jerry/Documents/jerry/benchvnc/build/CMakeFiles/CMakeTmp

Run Build Command:"/usr/bin/make" "cmTC_6f402/fast"
/usr/bin/make -f CMakeFiles/cmTC_6f402.dir/build.make CMakeFiles/cmTC_6f402.dir/build
make[1]: Entering directory '/home/jerry/Documents/jerry/benchvnc/build/CMakeFiles/CMakeTmp'
Building C object CMakeFiles/cmTC_6f402.dir/CheckSymbolExists.c.o
/usr/bin/cc     -o CMakeFiles/cmTC_6f402.dir/CheckSymbolExists.c.o   -c /home/jerry/Documents/jerry/benchvnc/build/CMakeFiles/CMakeTmp/CheckSymbolExists.c
Linking C executable cmTC_6f402
/usr/bin/cmake -E cmake_link_script CMakeFiles/cmTC_6f402.dir/link.txt --verbose=1
/usr/bin/cc       CMakeFiles/cmTC_6f402.dir/CheckSymbolExists.c.o  -o cmTC_6f402 -rdynamic 
make[1]: Leaving directory '/home/jerry/Documents/jerry/benchvnc/build/CMakeFiles/CMakeTmp'

File /home/jerry/Documents/jerry/benchvnc/build/CMakeFiles/CMakeTmp/CheckSymbolExists.c:
/* */
#include <string.h>

int main(int argc, char** argv)
{
  (void)argv;
#ifndef strerror
  return ((int*)(&strerror))[argc];
#else
  (void)argc;
  return 0;
#endif
}

Determining if the srand48 exist passed with the following output:
Change Dir: /home/jerry/Documents/jerry/benchvnc/build/CMakeFiles/CMakeTmp

Run Build Command:"/usr/bin/make" "cmTC_3cb3f/fast"
/usr/bin/make -f CMakeFiles/cmTC_3cb3f.dir/build.make CMakeFiles/cmTC_3cb3f.dir/build
make[1]: Entering directory '/home/jerry/Documents/jerry/benchvnc/build/CMakeFiles/CMakeTmp'
Building C object CMakeFiles/cmTC_3cb3f.dir/CheckSymbolExists.c.o
/usr/bin/cc     -o CMakeFiles/cmTC_3cb3f.dir/CheckSymbolExists.c.o   -c /home/jerry/Documents/jerry/benchvnc/build/CMakeFiles/CMakeTmp/CheckSymbolExists.c
Linking C executable cmTC_3cb3f
/usr/bin/cmake -E cmake_link_script CMakeFiles/cmTC_3cb3f.dir/link.txt --verbose=1
/usr/bin/cc       CMakeFiles/cmTC_3cb3f.dir/CheckSymbolExists.c.o  -o cmTC_3cb3f -rdynamic 
make[1]: Leaving directory '/home/jerry/Documents/jerry/benchvnc/build/CMakeFiles/CMakeTmp'

File /home/jerry/Documents/jerry/benchvnc/build/CMakeFiles/CMakeTmp/CheckSymbolExists.c:
/* */
#include <stdlib.h>

int main(int argc, char** argv)
{
  (void)argv;
#ifndef srand48
  return ((int*)(&srand48))[argc];
#else
  (void)argc;
  return 0;
#endif
}

Determining if the lrand48 exist passed with the following output:
Change Dir: /home/jerry/Documents/jerry/benchvnc/build/CMakeFiles/CMakeTmp

Run Build Command:"/usr/bin/make" "cmTC_5fbf9/fast"
/usr/bin/make -f CMakeFiles/cmTC_5fbf9.dir/build.make CMakeFiles/cmTC_5fbf9.dir/build
make[1]: Entering directory '/home/jerry/Documents/jerry/benchvnc/build/CMakeFiles/CMakeTmp'
Building C object CMakeFiles/cmTC_5fbf9.dir/CheckSymbolExists.c.o
/usr/bin/cc     -o CMakeFiles/cmTC_5fbf9.dir/CheckSymbolExists.c.o   -c /home/jerry/Documents/jerry/benchvnc/build/CMakeFiles/CMakeTmp/CheckSymbolExists.c
Linking C executable cmTC_5fbf9
/usr/bin/cmake -E cmake_link_script CMakeFiles/cmTC_5fbf9.dir/link.txt --verbose=1
/usr/bin/cc       CMakeFiles/cmTC_5fbf9.dir/CheckSymbolExists.c.o  -o cmTC_5fbf9 -rdynamic 
make[1]: Leaving directory '/home/jerry/Documents/jerry/benchvnc/build/CMakeFiles/CMakeTmp'

File /home/jerry/Documents/jerry/benchvnc/build/CMakeFiles/CMakeTmp/CheckSymbolExists.c:
/* */
#include <stdlib.h>

int main(int argc, char** argv)
{
  (void)argv;
#ifndef lrand48
  return ((int*)(&lrand48))[argc];
#else
  (void)argc;
  return 0;
#endif
}

Determining if the strnlen exist passed with the following output:
Change Dir: /home/jerry/Documents/jerry/benchvnc/build/CMakeFiles/CMakeTmp

Run Build Command:"/usr/bin/make" "cmTC_c2c25/fast"
/usr/bin/make -f CMakeFiles/cmTC_c2c25.dir/build.make CMakeFiles/cmTC_c2c25.dir/build
make[1]: Entering directory '/home/jerry/Documents/jerry/benchvnc/build/CMakeFiles/CMakeTmp'
Building C object CMakeFiles/cmTC_c2c25.dir/CheckSymbolExists.c.o
/usr/bin/cc  -D_GNU_SOURCE  -w    -o CMakeFiles/cmTC_c2c25.dir/CheckSymbolExists.c.o   -c /home/jerry/Documents/jerry/benchvnc/build/CMakeFiles/CMakeTmp/CheckSymbolExists.c
Linking C executable cmTC_c2c25
/usr/bin/cmake -E cmake_link_script CMakeFiles/cmTC_c2c25.dir/link.txt --verbose=1
/usr/bin/cc   -w     CMakeFiles/cmTC_c2c25.dir/CheckSymbolExists.c.o  -o cmTC_c2c25 -rdynamic 
make[1]: Leaving directory '/home/jerry/Documents/jerry/benchvnc/build/CMakeFiles/CMakeTmp'

File /home/jerry/Documents/jerry/benchvnc/build/CMakeFiles/CMakeTmp/CheckSymbolExists.c:
/* */
#include <string.h>

int main(int argc, char** argv)
{
  (void)argv;
#ifndef strnlen
  return ((int*)(&strnlen))[argc];
#else
  (void)argc;
  return 0;
#endif
}

Performing C SOURCE FILE Test HAVE_BUILTIN_CLZ succeeded with the following output:
Change Dir: /home/jerry/Documents/jerry/benchvnc/build/CMakeFiles/CMakeTmp

Run Build Command:"/usr/bin/make" "cmTC_8a9b8/fast"
/usr/bin/make -f CMakeFiles/cmTC_8a9b8.dir/build.make CMakeFiles/cmTC_8a9b8.dir/build
make[1]: Entering directory '/home/jerry/Documents/jerry/benchvnc/build/CMakeFiles/CMakeTmp'
Building C object CMakeFiles/cmTC_8a9b8.dir/src.c.o
/usr/bin/cc    -DHAVE_BUILTIN_CLZ   -o CMakeFiles/cmTC_8a9b8.dir/src.c.o   -c /home/jerry/Documents/jerry/benchvnc/build/CMakeFiles/CMakeTmp/src.c
Linking C executable cmTC_8a9b8
/usr/bin/cmake -E cmake_link_script CMakeFiles/cmTC_8a9b8.dir/link.txt --verbose=1
/usr/bin/cc   -DHAVE_BUILTIN_CLZ    CMakeFiles/cmTC_8a9b8.dir/src.c.o  -o cmTC_8a9b8 -rdynamic 
make[1]: Leaving directory '/home/jerry/Documents/jerry/benchvnc/build/CMakeFiles/CMakeTmp'

Source file was:


	unsigned int x = 11;

	int main (void) {

		return __builtin_clz(x);

	}
Determining if the sendmsg exist passed with the following output:
Change Dir: /home/jerry/Documents/jerry/benchvnc/build/CMakeFiles/CMakeTmp

Run Build Command:"/usr/bin/make" "cmTC_1c1ae/fast"
/usr/bin/make -f CMakeFiles/cmTC_1c1ae.dir/build.make CMakeFiles/cmTC_1c1ae.dir/build
make[1]: Entering directory '/home/jerry/Documents/jerry/benchvnc/build/CMakeFiles/CMakeTmp'
Building C object CMakeFiles/cmTC_1c1ae.dir/CheckSymbolExists.c.o
/usr/bin/cc     -o CMakeFiles/cmTC_1c1ae.dir/CheckSymbolExists.c.o   -c /home/jerry/Documents/jerry/benchvnc/build/CMakeFiles/CMakeTmp/CheckSymbolExists.c
Linking C executable cmTC_1c1ae
/usr/bin/cmake -E cmake_link_script CMakeFiles/cmTC_1c1ae.dir/link.txt --verbose=1
/usr/bin/cc       CMakeFiles/cmTC_1c1ae.dir/CheckSymbolExists.c.o  -o cmTC_1c1ae -rdynamic 
make[1]: Leaving directory '/home/jerry/Documents/jerry/benchvnc/build/CMakeFiles/CMakeTmp'

File /home/jerry/Documents/jerry/benchvnc/build/CMakeFiles/CMakeTmp/CheckSymbolExists.c:
/* */
#include <sys/socket.h>

int main(int argc, char** argv)
{
  (void)argv;
#ifndef sendmsg
  return ((int*)(&sendmsg))[argc];
#else
  (void)argc;
  return 0;
#endif
}

Determining if the cbrt exist passed with the following output:
Change Dir: /home/jerry/Documents/jerry/benchvnc/build/CMakeFiles/CMakeTmp

Run Build Command:"/usr/bin/make" "cmTC_2a5ef/fast"
/usr/bin/make -f CMakeFiles/cmTC_2a5ef.dir/build.make CMakeFiles/cmTC_2a5ef.dir/build
make[1]: Entering directory '/home/jerry/Documents/jerry/benchvnc/build/CMakeFiles/CMakeTmp'
Building C object CMakeFiles/cmTC_2a5ef.dir/CheckSymbolExists.c.o
/usr/bin/cc     -o CMakeFiles/cmTC_2a5ef.dir/CheckSymbolExists.c.o   -c /home/jerry/Documents/jerry/benchvnc/build/CMakeFiles/CMakeTmp/CheckSymbolExists.c
Linking C executable cmTC_2a5ef
/usr/bin/cmake -E cmake_link_script CMakeFiles/cmTC_2a5ef.dir/link.txt --verbose=1
/usr/bin/cc       CMakeFiles/cmTC_2a5ef.dir/CheckSymbolExists.c.o  -o cmTC_2a5ef -rdynamic -lm 
make[1]: Leaving directory '/home/jerry/Documents/jerry/benchvnc/build/CMakeFiles/CMakeTmp'

File /home/jerry/Documents/jerry/benchvnc/build/CMakeFiles/CMakeTmp/CheckSymbolExists.c:
/* */
#include <math.h>

int main(int argc, char** argv)
{
  (void)argv;
#ifndef cbrt
  return ((int*)(&cbrt))[argc];
#else
  (void)argc;
  return 0;
#endif
}

Determining if files dlfcn.h exist passed with the following output:
Change Dir: /home/jerry/Documents/jerry/benchvnc/build/CMakeFiles/CMakeTmp

Run Build Command:"/usr/bin/make" "cmTC_86710/fast"
/usr/bin/make -f CMakeFiles/cmTC_86710.dir/build.make CMakeFiles/cmTC_86710.dir/build
make[1]: Entering directory '/home/jerry/Documents/jerry/benchvnc/build/CMakeFiles/CMakeTmp'
Building C object CMakeFiles/cmTC_86710.dir/CheckIncludeFiles.c.o
/usr/bin/cc     -o CMakeFiles/cmTC_86710.dir/CheckIncludeFiles.c.o   -c /home/jerry/Documents/jerry/benchvnc/build/CMakeFiles/CMakeTmp/CheckIncludeFiles.c
Linking C executable cmTC_86710
/usr/bin/cmake -E cmake_link_script CMakeFiles/cmTC_86710.dir/link.txt --verbose=1
/usr/bin/cc       CMakeFiles/cmTC_86710.dir/CheckIncludeFiles.c.o  -o cmTC_86710 -rdynamic 
make[1]: Leaving directory '/home/jerry/Documents/jerry/benchvnc/build/CMakeFiles/CMakeTmp'


Determining if the ffs exist passed with the following output:
Change Dir: /home/jerry/Documents/jerry/benchvnc/build/CMakeFiles/CMakeTmp

Run Build Command:"/usr/bin/make" "cmTC_151c5/fast"
/usr/bin/make -f CMakeFiles/cmTC_151c5.dir/build.make CMakeFiles/cmTC_151c5.dir/build
make[1]: Entering directory '/home/jerry/Documents/jerry/benchvnc/build/CMakeFiles/CMakeTmp'
Building C object CMakeFiles/cmTC_151c5.dir/CheckSymbolExists.c.o
/usr/bin/cc  -D_GNU_SOURCE   -o CMakeFiles/cmTC_151c5.dir/CheckSymbolExists.c.o   -c /home/jerry/Documents/jerry/benchvnc/build/CMakeFiles/CMakeTmp/CheckSymbolExists.c
Linking C executable cmTC_151c5
/usr/bin/cmake -E cmake_link_script CMakeFiles/cmTC_151c5.dir/link.txt --verbose=1
/usr/bin/cc       CMakeFiles/cmTC_151c5.dir/CheckSymbolExists.c.o  -o cmTC_151c5 -rdynamic 
make[1]: Leaving directory '/home/jerry/Documents/jerry/benchvnc/build/CMakeFiles/CMakeTmp'

File /home/jerry/Documents/jerry/benchvnc/build/CMakeFiles/CMakeTmp/CheckSymbolExists.c:
/* */
#include <strings.h>

int main(int argc, char** argv)
{
  (void)argv;
#ifndef ffs
  return ((int*)(&ffs))[argc];
#else
  (void)argc;
  return 0;
#endif
}

Determining if the getdtablesize exist passed with the following output:
Change Dir: /home/jerry/Documents/jerry/benchvnc/build/CMakeFiles/CMakeTmp

Run Build Command:"/usr/bin/make" "cmTC_edd10/fast"
/usr/bin/make -f CMakeFiles/cmTC_edd10.dir/build.make CMakeFiles/cmTC_edd10.dir/build
make[1]: Entering directory '/home/jerry/Documents/jerry/benchvnc/build/CMakeFiles/CMakeTmp'
Building C object CMakeFiles/cmTC_edd10.dir/CheckSymbolExists.c.o
/usr/bin/cc  -D_GNU_SOURCE   -o CMakeFiles/cmTC_edd10.dir/CheckSymbolExists.c.o   -c /home/jerry/Documents/jerry/benchvnc/build/CMakeFiles/CMakeTmp/CheckSymbolExists.c
Linking C executable cmTC_edd10
/usr/bin/cmake -E cmake_link_script CMakeFiles/cmTC_edd10.dir/link.txt --verbose=1
/usr/bin/cc       CMakeFiles/cmTC_edd10.dir/CheckSymbolExists.c.o  -o cmTC_edd10 -rdynamic 
make[1]: Leaving directory '/home/jerry/Documents/jerry/benchvnc/build/CMakeFiles/CMakeTmp'

File /home/jerry/Documents/jerry/benchvnc/build/CMakeFiles/CMakeTmp/CheckSymbolExists.c:
/* */
#include <unistd.h>

int main(int argc, char** argv)
{
  (void)argv;
#ifndef getdtablesize
  return ((int*)(&getdtablesize))[argc];
#else
  (void)argc;
  return 0;
#endif
}

Determining if the getifaddrs exist passed with the following output:
Change Dir: /home/jerry/Documents/jerry/benchvnc/build/CMakeFiles/CMakeTmp

Run Build Command:"/usr/bin/make" "cmTC_1f8ef/fast"
/usr/bin/make -f CMakeFiles/cmTC_1f8ef.dir/build.make CMakeFiles/cmTC_1f8ef.dir/build
make[1]: Entering directory '/home/jerry/Documents/jerry/benchvnc/build/CMakeFiles/CMakeTmp'
Building C object CMakeFiles/cmTC_1f8ef.dir/CheckSymbolExists.c.o
/usr/bin/cc  -D_GNU_SOURCE   -o CMakeFiles/cmTC_1f8ef.dir/CheckSymbolExists.c.o   -c /home/jerry/Documents/jerry/benchvnc/build/CMakeFiles/CMakeTmp/CheckSymbolExists.c
Linking C executable cmTC_1f8ef
/usr/bin/cmake -E cmake_link_script CMakeFiles/cmTC_1f8ef.dir/link.txt --verbose=1
/usr/bin/cc       CMakeFiles/cmTC_1f8ef.dir/CheckSymbolExists.c.o  -o cmTC_1f8ef -rdynamic 
make[1]: Leaving directory '/home/jerry/Documents/jerry/benchvnc/build/CMakeFiles/CMakeTmp'

File /home/jerry/Documents/jerry/benchvnc/build/CMakeFiles/CMakeTmp/CheckSymbolExists.c:
/* */
#include <ifaddrs.h>

int main(int argc, char** argv)
{
  (void)argv;
#ifndef getifaddrs
  return ((int*)(&getifaddrs))[argc];
#else
  (void)argc;
  return 0;
#endif
}

Determining if the strcasecmp exist passed with the following output:
Change Dir: /home/jerry/Documents/jerry/benchvnc/build/CMakeFiles/CMakeTmp

Run Build Command:"/usr/bin/make" "cmTC_fd399/fast"
/usr/bin/make -f CMakeFiles/cmTC_fd399.dir/build.make CMakeFiles/cmTC_fd399.dir/build
make[1]: Entering directory '/home/jerry/Documents/jerry/benchvnc/build/CMakeFiles/CMakeTmp'
Building C object CMakeFiles/cmTC_fd399.dir/CheckSymbolExists.c.o
/usr/bin/cc  -D_GNU_SOURCE   -o CMakeFiles/cmTC_fd399.dir/CheckSymbolExists.c.o   -c /home/jerry/Documents/jerry/benchvnc/build/CMakeFiles/CMakeTmp/CheckSymbolExists.c
Linking C executable cmTC_fd399
/usr/bin/cmake -E cmake_link_script CMakeFiles/cmTC_fd399.dir/link.txt --verbose=1
/usr/bin/cc       CMakeFiles/cmTC_fd399.dir/CheckSymbolExists.c.o  -o cmTC_fd399 -rdynamic 
make[1]: Leaving directory '/home/jerry/Documents/jerry/benchvnc/build/CMakeFiles/CMakeTmp'

File /home/jerry/Documents/jerry/benchvnc/build/CMakeFiles/CMakeTmp/CheckSymbolExists.c:
/* */
#include <strings.h>

int main(int argc, char** argv)
{
  (void)argv;
#ifndef strcasecmp
  return ((int*)(&strcasecmp))[argc];
#else
  (void)argc;
  return 0;
#endif
}

Determining if the strcasestr exist passed with the following output:
Change Dir: /home/jerry/Documents/jerry/benchvnc/build/CMakeFiles/CMakeTmp

Run Build Command:"/usr/bin/make" "cmTC_cc488/fast"
/usr/bin/make -f CMakeFiles/cmTC_cc488.dir/build.make CMakeFiles/cmTC_cc488.dir/build
make[1]: Entering directory '/home/jerry/Documents/jerry/benchvnc/build/CMakeFiles/CMakeTmp'
Building C object CMakeFiles/cmTC_cc488.dir/CheckSymbolExists.c.o
/usr/bin/cc  -D_GNU_SOURCE   -o CMakeFiles/cmTC_cc488.dir/CheckSymbolExists.c.o   -c /home/jerry/Documents/jerry/benchvnc/build/CMakeFiles/CMakeTmp/CheckSymbolExists.c
Linking C executable cmTC_cc488
/usr/bin/cmake -E cmake_link_script CMakeFiles/cmTC_cc488.dir/link.txt --verbose=1
/usr/bin/cc       CMakeFiles/cmTC_cc488.dir/CheckSymbolExists.c.o  -o cmTC_cc488 -rdynamic 
make[1]: Leaving directory '/home/jerry/Documents/jerry/benchvnc/build/CMakeFiles/CMakeTmp'

File /home/jerry/Documents/jerry/benchvnc/build/CMakeFiles/CMakeTmp/CheckSymbolExists.c:
/* */
#include <string.h>

int main(int argc, char** argv)
{
  (void)argv;
#ifndef strcasestr
  return ((int*)(&strcasestr))[argc];
#else
  (void)argc;
  return 0;
#endif
}

Determining if the strncasecmp exist passed with the following output:
Change Dir: /home/jerry/Documents/jerry/benchvnc/build/CMakeFiles/CMakeTmp

Run Build Command:"/usr/bin/make" "cmTC_0775b/fast"
/usr/bin/make -f CMakeFiles/cmTC_0775b.dir/build.make CMakeFiles/cmTC_0775b.dir/build
make[1]: Entering directory '/home/jerry/Documents/jerry/benchvnc/build/CMakeFiles/CMakeTmp'
Building C object CMakeFiles/cmTC_0775b.dir/CheckSymbolExists.c.o
/usr/bin/cc  -D_GNU_SOURCE   -o CMakeFiles/cmTC_0775b.dir/CheckSymbolExists.c.o   -c /home/jerry/Documents/jerry/benchvnc/build/CMakeFiles/CMakeTmp/CheckSymbolExists.c
Linking C executable cmTC_0775b
/usr/bin/cmake -E cmake_link_script CMakeFiles/cmTC_0775b.dir/link.txt --verbose=1
/usr/bin/cc       CMakeFiles/cmTC_0775b.dir/CheckSymbolExists.c.o  -o cmTC_0775b -rdynamic 
make[1]: Leaving directory '/home/jerry/Documents/jerry/benchvnc/build/CMakeFiles/CMakeTmp'

File /home/jerry/Documents/jerry/benchvnc/build/CMakeFiles/CMakeTmp/CheckSymbolExists.c:
/* */
#include <strings.h>

int main(int argc, char** argv)
{
  (void)argv;
#ifndef strncasecmp
  return ((int*)(&strncasecmp))[argc];
#else
  (void)argc;
  return 0;
#endif
}

Determining if the strndup exist passed with the following output:
Change Dir: /home/jerry/Documents/jerry/benchvnc/build/CMakeFiles/CMakeTmp

Run Build Command:"/usr/bin/make" "cmTC_af2ca/fast"
/usr/bin/make -f CMakeFiles/cmTC_af2ca.dir/build.make CMakeFiles/cmTC_af2ca.dir/build
make[1]: Entering directory '/home/jerry/Documents/jerry/benchvnc/build/CMakeFiles/CMakeTmp'
Building C object CMakeFiles/cmTC_af2ca.dir/CheckSymbolExists.c.o
/usr/bin/cc  -D_GNU_SOURCE   -o CMakeFiles/cmTC_af2ca.dir/CheckSymbolExists.c.o   -c /home/jerry/Documents/jerry/benchvnc/build/CMakeFiles/CMakeTmp/CheckSymbolExists.c
Linking C executable cmTC_af2ca
/usr/bin/cmake -E cmake_link_script CMakeFiles/cmTC_af2ca.dir/link.txt --verbose=1
/usr/bin/cc       CMakeFiles/cmTC_af2ca.dir/CheckSymbolExists.c.o  -o cmTC_af2ca -rdynamic 
make[1]: Leaving directory '/home/jerry/Documents/jerry/benchvnc/build/CMakeFiles/CMakeTmp'

File /home/jerry/Documents/jerry/benchvnc/build/CMakeFiles/CMakeTmp/CheckSymbolExists.c:
/* */
#include <string.h>

int main(int argc, char** argv)
{
  (void)argv;
#ifndef strndup
  return ((int*)(&strndup))[argc];
#else
  (void)argc;
  return 0;
#endif
}

Determining if the asprintf exist passed with the following output:
Change Dir: /home/jerry/Documents/jerry/benchvnc/build/CMakeFiles/CMakeTmp

Run Build Command:"/usr/bin/make" "cmTC_3d9c9/fast"
/usr/bin/make -f CMakeFiles/cmTC_3d9c9.dir/build.make CMakeFiles/cmTC_3d9c9.dir/build
make[1]: Entering directory '/home/jerry/Documents/jerry/benchvnc/build/CMakeFiles/CMakeTmp'
Building C object CMakeFiles/cmTC_3d9c9.dir/CheckSymbolExists.c.o
/usr/bin/cc  -D_GNU_SOURCE   -o CMakeFiles/cmTC_3d9c9.dir/CheckSymbolExists.c.o   -c /home/jerry/Documents/jerry/benchvnc/build/CMakeFiles/CMakeTmp/CheckSymbolExists.c
Linking C executable cmTC_3d9c9
/usr/bin/cmake -E cmake_link_script CMakeFiles/cmTC_3d9c9.dir/link.txt --verbose=1
/usr/bin/cc       CMakeFiles/cmTC_3d9c9.dir/CheckSymbolExists.c.o  -o cmTC_3d9c9 -rdynamic 
make[1]: Leaving directory '/home/jerry/Documents/jerry/benchvnc/build/CMakeFiles/CMakeTmp'

File /home/jerry/Documents/jerry/benchvnc/build/CMakeFiles/CMakeTmp/CheckSymbolExists.c:
/* */
#include <stdio.h>

int main(int argc, char** argv)
{
  (void)argv;
#ifndef asprintf
  return ((int*)(&asprintf))[argc];
#else
  (void)argc;
  return 0;
#endif
}

Determining if the vasprintf exist passed with the following output:
Change Dir: /home/jerry/Documents/jerry/benchvnc/build/CMakeFiles/CMakeTmp

Run Build Command:"/usr/bin/make" "cmTC_22094/fast"
/usr/bin/make -f CMakeFiles/cmTC_22094.dir/build.make CMakeFiles/cmTC_22094.dir/build
make[1]: Entering directory '/home/jerry/Documents/jerry/benchvnc/build/CMakeFiles/CMakeTmp'
Building C object CMakeFiles/cmTC_22094.dir/CheckSymbolExists.c.o
/usr/bin/cc  -D_GNU_SOURCE   -o CMakeFiles/cmTC_22094.dir/CheckSymbolExists.c.o   -c /home/jerry/Documents/jerry/benchvnc/build/CMakeFiles/CMakeTmp/CheckSymbolExists.c
Linking C executable cmTC_22094
/usr/bin/cmake -E cmake_link_script CMakeFiles/cmTC_22094.dir/link.txt --verbose=1
/usr/bin/cc       CMakeFiles/cmTC_22094.dir/CheckSymbolExists.c.o  -o cmTC_22094 -rdynamic 
make[1]: Leaving directory '/home/jerry/Documents/jerry/benchvnc/build/CMakeFiles/CMakeTmp'

File /home/jerry/Documents/jerry/benchvnc/build/CMakeFiles/CMakeTmp/CheckSymbolExists.c:
/* */
#include <stdio.h>

int main(int argc, char** argv)
{
  (void)argv;
#ifndef vasprintf
  return ((int*)(&vasprintf))[argc];
#else
  (void)argc;
  return 0;
#endif
}

Determining if the setitimer exist passed with the following output:
Change Dir: /home/jerry/Documents/jerry/benchvnc/build/CMakeFiles/CMakeTmp

Run Build Command:"/usr/bin/make" "cmTC_04893/fast"
/usr/bin/make -f CMakeFiles/cmTC_04893.dir/build.make CMakeFiles/cmTC_04893.dir/build
make[1]: Entering directory '/home/jerry/Documents/jerry/benchvnc/build/CMakeFiles/CMakeTmp'
Building C object CMakeFiles/cmTC_04893.dir/CheckSymbolExists.c.o
/usr/bin/cc  -D_GNU_SOURCE   -o CMakeFiles/cmTC_04893.dir/CheckSymbolExists.c.o   -c /home/jerry/Documents/jerry/benchvnc/build/CMakeFiles/CMakeTmp/CheckSymbolExists.c
Linking C executable cmTC_04893
/usr/bin/cmake -E cmake_link_script CMakeFiles/cmTC_04893.dir/link.txt --verbose=1
/usr/bin/cc       CMakeFiles/cmTC_04893.dir/CheckSymbolExists.c.o  -o cmTC_04893 -rdynamic 
make[1]: Leaving directory '/home/jerry/Documents/jerry/benchvnc/build/CMakeFiles/CMakeTmp'

File /home/jerry/Documents/jerry/benchvnc/build/CMakeFiles/CMakeTmp/CheckSymbolExists.c:
/* */
#include <sys/time.h>

int main(int argc, char** argv)
{
  (void)argv;
#ifndef setitimer
  return ((int*)(&setitimer))[argc];
#else
  (void)argc;
  return 0;
#endif
}

Determining if the poll exist passed with the following output:
Change Dir: /home/jerry/Documents/jerry/benchvnc/build/CMakeFiles/CMakeTmp

Run Build Command:"/usr/bin/make" "cmTC_e6182/fast"
/usr/bin/make -f CMakeFiles/cmTC_e6182.dir/build.make CMakeFiles/cmTC_e6182.dir/build
make[1]: Entering directory '/home/jerry/Documents/jerry/benchvnc/build/CMakeFiles/CMakeTmp'
Building C object CMakeFiles/cmTC_e6182.dir/CheckSymbolExists.c.o
/usr/bin/cc  -D_GNU_SOURCE   -o CMakeFiles/cmTC_e6182.dir/CheckSymbolExists.c.o   -c /home/jerry/Documents/jerry/benchvnc/build/CMakeFiles/CMakeTmp/CheckSymbolExists.c
Linking C executable cmTC_e6182
/usr/bin/cmake -E cmake_link_script CMakeFiles/cmTC_e6182.dir/link.txt --verbose=1
/usr/bin/cc       CMakeFiles/cmTC_e6182.dir/CheckSymbolExists.c.o  -o cmTC_e6182 -rdynamic 
make[1]: Leaving directory '/home/jerry/Documents/jerry/benchvnc/build/CMakeFiles/CMakeTmp'

File /home/jerry/Documents/jerry/benchvnc/build/CMakeFiles/CMakeTmp/CheckSymbolExists.c:
/* */
#include <poll.h>

int main(int argc, char** argv)
{
  (void)argv;
#ifndef poll
  return ((int*)(&poll))[argc];
#else
  (void)argc;
  return 0;
#endif
}

Determining if the epoll_create1 exist passed with the following output:
Change Dir: /home/jerry/Documents/jerry/benchvnc/build/CMakeFiles/CMakeTmp

Run Build Command:"/usr/bin/make" "cmTC_8b40d/fast"
/usr/bin/make -f CMakeFiles/cmTC_8b40d.dir/build.make CMakeFiles/cmTC_8b40d.dir/build
make[1]: Entering directory '/home/jerry/Documents/jerry/benchvnc/build/CMakeFiles/CMakeTmp'
Building C object CMakeFiles/cmTC_8b40d.dir/CheckSymbolExists.c.o
/usr/bin/cc  -D_GNU_SOURCE   -o CMakeFiles/cmTC_8b40d.dir/CheckSymbolExists.c.o   -c /home/jerry/Documents/jerry/benchvnc/build/CMakeFiles/CMakeTmp/CheckSymbolExists.c
Linking C executable cmTC_8b40d
/usr/bin/cmake -E cmake_link_script CMakeFiles/cmTC_8b40d.dir/link.txt --verbose=1
/usr/bin/cc       CMakeFiles/cmTC_8b40d.dir/CheckSymbolExists.c.o  -o cmTC_8b40d -rdynamic 
make[1]: Leaving directory '/home/jerry/Documents/jerry/benchvnc/build/CMakeFiles/CMakeTmp'

File /home/jerry/Documents/jerry/benchvnc/build/CMakeFiles/CMakeTmp/CheckSymbolExists.c:
/* */
#include <sys/epoll.h>

int main(int argc, char** argv)
{
  (void)argv;
#ifndef epoll_create1
  return ((int*)(&epoll_create1))[argc];
#else
  (void)argc;
  return 0;
#endif
}

Performing C SOURCE FILE Test TYPEOF_WORKS succeeded with the following output:
Change Dir: /home/jerry/Documents/jerry/benchvnc/build/CMakeFiles/CMakeTmp

Run Build Command:"/usr/bin/make" "cmTC_9c141/fast"
/usr/bin/make -f CMakeFiles/cmTC_9c141.dir/build.make CMakeFiles/cmTC_9c141.dir/build
make[1]: Entering directory '/home/jerry/Documents/jerry/benchvnc/build/CMakeFiles/CMakeTmp'
Building C object CMakeFiles/cmTC_9c141.dir/src.c.o
/usr/bin/cc  -D_GNU_SOURCE  -DTYPEOF_WORKS   -o CMakeFiles/cmTC_9c141.dir/src.c.o   -c /home/jerry/Documents/jerry/benchvnc/build/CMakeFiles/CMakeTmp/src.c
Linking C executable cmTC_9c141
/usr/bin/cmake -E cmake_link_script CMakeFiles/cmTC_9c141.dir/link.txt --verbose=1
/usr/bin/cc   -DTYPEOF_WORKS    CMakeFiles/cmTC_9c141.dir/src.c.o  -o cmTC_9c141 -rdynamic 
make[1]: Leaving directory '/home/jerry/Documents/jerry/benchvnc/build/CMakeFiles/CMakeTmp'

Source file was:
int main() { int value = 0;  typeof(value) value2 = value;  return value2; }
Determining if the clock_gettime exist passed with the following output:
Change Dir: /home/jerry/Documents/jerry/benchvnc/build/CMakeFiles/CMakeTmp

Run Build Command:"/usr/bin/make" "cmTC_668d9/fast"
/usr/bin/make -f CMakeFiles/cmTC_668d9.dir/build.make CMakeFiles/cmTC_668d9.dir/build
make[1]: Entering directory '/home/jerry/Documents/jerry/benchvnc/build/CMakeFiles/CMakeTmp'
Building C object CMakeFiles/cmTC_668d9.dir/CheckSymbolExists.c.o
/usr/bin/cc  -D_GNU_SOURCE   -o CMakeFiles/cmTC_668d9.dir/CheckSymbolExists.c.o   -c /home/jerry/Documents/jerry/benchvnc/build/CMakeFiles/CMakeTmp/CheckSymbolExists.c
Linking C executable cmTC_668d9
/usr/bin/cmake -E cmake_link_script CMakeFiles/cmTC_668d9.dir/link.txt --verbose=1
/usr/bin/cc       CMakeFiles/cmTC_668d9.dir/CheckSymbolExists.c.o  -o cmTC_668d9 -rdynamic -lrt 
make[1]: Leaving directory '/home/jerry/Documents/jerry/benchvnc/build/CMakeFiles/CMakeTmp'

File /home/jerry/Documents/jerry/benchvnc/build/CMakeFiles/CMakeTmp/CheckSymbolExists.c:
/* */
#include <time.h>

int main(int argc, char** argv)
{
  (void)argv;
#ifndef clock_gettime
  return ((int*)(&clock_gettime))[argc];
#else
  (void)argc;
  return 0;
#endif
}

Performing C SOURCE FILE Test HAVE_MONOTONIC_CLOCK succeeded with the following output:
Change Dir: /home/jerry/Documents/jerry/benchvnc/build/CMakeFiles/CMakeTmp

Run Build Command:"/usr/bin/make" "cmTC_0b603/fast"
/usr/bin/make -f CMakeFiles/cmTC_0b603.dir/build.make CMakeFiles/cmTC_0b603.dir/build
make[1]: Entering directory '/home/jerry/Documents/jerry/benchvnc/build/CMakeFiles/CMakeTmp'
Building C object CMakeFiles/cmTC_0b603.dir/src.c.o
/usr/bin/cc  -D_GNU_SOURCE  -DHAVE_MONOTONIC_CLOCK   -o CMakeFiles/cmTC_0b603.dir/src.c.o   -c /home/jerry/Documents/jerry/benchvnc/build/CMakeFiles/CMakeTmp/src.c
Linking C executable cmTC_0b603
/usr/bin/cmake -E cmake_link_script CMakeFiles/cmTC_0b603.dir/link.txt --verbose=1
/usr/bin/cc   -DHAVE_MONOTONIC_CLOCK    CMakeFiles/cmTC_0b603.dir/src.c.o  -o cmTC_0b603 -rdynamic 
make[1]: Leaving directory '/home/jerry/Documents/jerry/benchvnc/build/CMakeFiles/CMakeTmp'

Source file was:


	  #include <time.h>

	  int main(void) {

	    struct timespec tp;

	    return (clock_gettime(CLOCK_MONOTONIC, &tp) != 0);

	  }
Determining if the backtrace exist passed with the following output:
Change Dir: /home/jerry/Documents/jerry/benchvnc/build/CMakeFiles/CMakeTmp

Run Build Command:"/usr/bin/make" "cmTC_bbe1e/fast"
/usr/bin/make -f CMakeFiles/cmTC_bbe1e.dir/build.make CMakeFiles/cmTC_bbe1e.dir/build
make[1]: Entering directory '/home/jerry/Documents/jerry/benchvnc/build/CMakeFiles/CMakeTmp'
Building C object CMakeFiles/cmTC_bbe1e.dir/CheckSymbolExists.c.o
/usr/bin/cc     -o CMakeFiles/cmTC_bbe1e.dir/CheckSymbolExists.c.o   -c /home/jerry/Documents/jerry/benchvnc/build/CMakeFiles/CMakeTmp/CheckSymbolExists.c
Linking C executable cmTC_bbe1e
/usr/bin/cmake -E cmake_link_script CMakeFiles/cmTC_bbe1e.dir/link.txt --verbose=1
/usr/bin/cc       CMakeFiles/cmTC_bbe1e.dir/CheckSymbolExists.c.o  -o cmTC_bbe1e -rdynamic 
make[1]: Leaving directory '/home/jerry/Documents/jerry/benchvnc/build/CMakeFiles/CMakeTmp'

File /home/jerry/Documents/jerry/benchvnc/build/CMakeFiles/CMakeTmp/CheckSymbolExists.c:
/* */
#include <execinfo.h>

int main(int argc, char** argv)
{
  (void)argv;
#ifndef backtrace
  return ((int*)(&backtrace))[argc];
#else
  (void)argc;
  return 0;
#endif
}

Determining if the function strsep exists passed with the following output:
Change Dir: /home/jerry/Documents/jerry/benchvnc/build/CMakeFiles/CMakeTmp

Run Build Command:"/usr/bin/make" "cmTC_86153/fast"
/usr/bin/make -f CMakeFiles/cmTC_86153.dir/build.make CMakeFiles/cmTC_86153.dir/build
make[1]: Entering directory '/home/jerry/Documents/jerry/benchvnc/build/CMakeFiles/CMakeTmp'
Building C object CMakeFiles/cmTC_86153.dir/CheckFunctionExists.c.o
/usr/bin/cc    -DCHECK_FUNCTION_EXISTS=strsep   -o CMakeFiles/cmTC_86153.dir/CheckFunctionExists.c.o   -c /usr/share/cmake-3.5/Modules/CheckFunctionExists.c
Linking C executable cmTC_86153
/usr/bin/cmake -E cmake_link_script CMakeFiles/cmTC_86153.dir/link.txt --verbose=1
/usr/bin/cc   -DCHECK_FUNCTION_EXISTS=strsep    CMakeFiles/cmTC_86153.dir/CheckFunctionExists.c.o  -o cmTC_86153 -rdynamic 
make[1]: Leaving directory '/home/jerry/Documents/jerry/benchvnc/build/CMakeFiles/CMakeTmp'


